<?xml version="1.0" encoding="UTF-8"?>
<!-- Generated by org.testng.reporters.JUnitReportReporter -->
<testsuite hostname="Umesh" failures="0" tests="4" name="api.test.UserTests" time="33.005" errors="0" timestamp="2023-04-06T13:09:33 IST" skipped="0">
  <testcase classname="api.test.UserTests" name="testPostUser" time="9.515"/>
  <system-out/>
  <testcase classname="api.test.UserTests" name="testGetUserByName" time="6.811"/>
  <system-out/>
  <testcase classname="api.test.UserTests" name="testUpdateUserByName" time="11.020"/>
  <system-out/>
  <testcase classname="api.test.UserTests" name="testDeleteUserByName" time="5.659"/>
  <system-out/>
</testsuite> <!-- api.test.UserTests -->
