<?xml version="1.0" encoding="UTF-8"?>
<!-- Generated by org.testng.reporters.JUnitReportReporter -->
<testsuite hostname="Umesh" failures="0" tests="6" name="api.test.DDTests" time="16.321" errors="0" timestamp="2023-04-06T11:57:39 IST" skipped="0">
  <testcase classname="api.test.DDTests" name="testPostUser" time="2.215"/>
  <system-out/>
  <testcase classname="api.test.DDTests" name="testPostUser" time="1.545"/>
  <system-out/>
  <testcase classname="api.test.DDTests" name="testPostUser" time="1.944"/>
  <system-out/>
  <testcase classname="api.test.DDTests" name="testDeleteUserByNames" time="3.201"/>
  <system-out/>
  <testcase classname="api.test.DDTests" name="testDeleteUserByNames" time="2.807"/>
  <system-out/>
  <testcase classname="api.test.DDTests" name="testDeleteUserByNames" time="4.609"/>
  <system-out/>
</testsuite> <!-- api.test.DDTests -->
