<?xml version="1.0" encoding="UTF-8"?>
<!-- Generated by org.testng.reporters.JUnitReportReporter -->
<testsuite hostname="Umesh" failures="0" tests="4" name="api.test.UserTests2" time="27.590" errors="0" timestamp="2023-04-14T16:37:46 IST" skipped="0">
  <testcase classname="api.test.UserTests2" name="testPostUser" time="8.549"/>
  <system-out/>
  <testcase classname="api.test.UserTests2" name="testGetUserByName" time="6.417"/>
  <system-out/>
  <testcase classname="api.test.UserTests2" name="testUpdateUserByName" time="7.535"/>
  <system-out/>
  <testcase classname="api.test.UserTests2" name="testDeleteUserByName" time="5.089"/>
  <system-out/>
</testsuite> <!-- api.test.UserTests2 -->
