<?xml version="1.0" encoding="UTF-8"?>
<!-- Generated by org.testng.reporters.JUnitReportReporter -->
<testsuite hostname="Umesh" failures="0" tests="4" name="api.test.UserTests2" time="49.924" errors="0" timestamp="2023-04-19T11:24:06 IST" skipped="0">
  <testcase classname="api.test.UserTests2" name="testPostUser" time="26.985"/>
  <system-out/>
  <testcase classname="api.test.UserTests2" name="testGetUserByName" time="4.281"/>
  <system-out/>
  <testcase classname="api.test.UserTests2" name="testUpdateUserByName" time="7.172"/>
  <system-out/>
  <testcase classname="api.test.UserTests2" name="testDeleteUserByName" time="11.486"/>
  <system-out/>
</testsuite> <!-- api.test.UserTests2 -->
